[debug] [2020-03-03T22:58:27.941Z] ----------------------------------------------------------------------
[debug] [2020-03-03T22:58:27.943Z] Command:       /home/gitpod/.nvm/versions/node/v10.19.0/bin/node /home/gitpod/.nvm/versions/node/v10.19.0/bin/firebase login
[debug] [2020-03-03T22:58:27.943Z] CLI Version:   7.14.0
[debug] [2020-03-03T22:58:27.943Z] Platform:      linux
[debug] [2020-03-03T22:58:27.943Z] Node Version:  v10.19.0
[debug] [2020-03-03T22:58:27.944Z] Time:          Tue Mar 03 2020 22:58:27 GMT+0000 (Coordinated Universal Time)
[debug] [2020-03-03T22:58:27.944Z] ----------------------------------------------------------------------
[debug] [2020-03-03T22:58:27.944Z] 
[info] i  Firebase optionally collects CLI usage and error reporting information to help improve our products. Data is collected in accordance with Google's privacy policy (https://policies.google.com/privacy) and is not used to identify you.

[info] i  To change your data collection preference at any time, run `firebase logout` and log in again.
[info] 
[info] Visit this URL on this device to log in:
[info] https://accounts.google.com/o/oauth2/auth?client_id=563584335869-fgrhgmd47bqnekij5i8b5pr03ho849e6.apps.googleusercontent.com&scope=email%20openid%20https%3A%2F%2Fwww.googleapis.com%2Fauth%2Fcloudplatformprojects.readonly%20https%3A%2F%2Fwww.googleapis.com%2Fauth%2Ffirebase%20https%3A%2F%2Fwww.googleapis.com%2Fauth%2Fcloud-platform&response_type=code&state=93714906&redirect_uri=http%3A%2F%2Flocalhost%3A9005
[info] 
[info] Waiting for authentication...
[debug] [2020-03-03T23:06:47.464Z] ----------------------------------------------------------------------
[debug] [2020-03-03T23:06:47.467Z] Command:       /home/gitpod/.nvm/versions/node/v10.19.0/bin/node /home/gitpod/.nvm/versions/node/v10.19.0/bin/firebase login
[debug] [2020-03-03T23:06:47.467Z] CLI Version:   7.14.0
[debug] [2020-03-03T23:06:47.467Z] Platform:      linux
[debug] [2020-03-03T23:06:47.467Z] Node Version:  v10.19.0
[debug] [2020-03-03T23:06:47.468Z] Time:          Tue Mar 03 2020 23:06:47 GMT+0000 (Coordinated Universal Time)
[debug] [2020-03-03T23:06:47.468Z] ----------------------------------------------------------------------
[debug] [2020-03-03T23:06:47.468Z] 
[info] i  Firebase optionally collects CLI usage and error reporting information to help improve our products. Data is collected in accordance with Google's privacy policy (https://policies.google.com/privacy) and is not used to identify you.

[info] i  To change your data collection preference at any time, run `firebase logout` and log in again.
[info] 
[info] Visit this URL on this device to log in:
[info] https://accounts.google.com/o/oauth2/auth?client_id=563584335869-fgrhgmd47bqnekij5i8b5pr03ho849e6.apps.googleusercontent.com&scope=email%20openid%20https%3A%2F%2Fwww.googleapis.com%2Fauth%2Fcloudplatformprojects.readonly%20https%3A%2F%2Fwww.googleapis.com%2Fauth%2Ffirebase%20https%3A%2F%2Fwww.googleapis.com%2Fauth%2Fcloud-platform&response_type=code&state=262744992&redirect_uri=http%3A%2F%2Flocalhost%3A9005
[info] 
[info] Waiting for authentication...
